[2019-09-30 18:32:37]; Текст: Контроллер app\controllers\admin\UserController не найден | Файл: /var/www/pf_nsk.ru/app/core/Router.php | Строка: 88 
=======================
[2019-09-30 18:32:38]; Текст: Страница не найдена | Файл: /var/www/pf_nsk.ru/app/core/Router.php | Строка: 92 
=======================
[2019-09-30 18:34:07]; Текст: Контроллер app\controllers\admin\UserController не найден | Файл: /var/www/pf_nsk.ru/app/core/Router.php | Строка: 88 
=======================
[2019-09-30 18:34:07]; Текст: Страница не найдена | Файл: /var/www/pf_nsk.ru/app/core/Router.php | Строка: 92 
=======================
[2019-09-30 18:36:25]; Текст: Контроллер app\controllers\admin\UserController не найден | Файл: /var/www/pf_nsk.ru/app/core/Router.php | Строка: 88 
=======================
[2019-09-30 18:37:14]; Текст: Контроллер app\controllers\admin\UserController не найден | Файл: /var/www/pf_nsk.ru/app/core/Router.php | Строка: 88 
=======================
[2019-09-30 18:38:10]; Текст: Страница не найдена | Файл: /var/www/pf_nsk.ru/app/core/Router.php | Строка: 92 
=======================
[2019-09-30 20:44:12]; Текст: Страница не найдена | Файл: /var/www/pf_nsk.ru/app/core/Router.php | Строка: 93 
=======================
[2019-09-30 20:58:41]; Текст: Контроллер app\controllers\admin\TestController не найден | Файл: /var/www/pf_nsk.ru/app/core/Router.php | Строка: 89 
=======================
[2019-09-30 21:19:22]; Текст: файл ВИДА <b>/var/www/pf_nsk.ru/app/views/admin\category/create.php</b> - not found  | Файл: /var/www/pf_nsk.ru/app/core/base/View.php | Строка: 58 
=======================
[2019-10-01 11:30:15]; Текст: Страница не найдена | Файл: /var/www/pf_nsk.ru/app/core/Router.php | Строка: 93 
=======================
[2019-10-01 11:54:28]; Текст: Страница не найдена | Файл: /var/www/pf_nsk.ru/app/core/Router.php | Строка: 93 
=======================
[2019-10-01 11:55:03]; Текст: файл ВИДА <b>/var/www/pf_nsk.ru/app/views/admin\User/index.php</b> - not found  | Файл: /var/www/pf_nsk.ru/app/core/base/View.php | Строка: 58 
=======================
[2019-10-01 11:55:40]; Текст: файл ВИДА <b>/var/www/pf_nsk.ru/app/views/admin\User/index.php</b> - not found  | Файл: /var/www/pf_nsk.ru/app/core/base/View.php | Строка: 58 
=======================
[2019-10-01 11:59:52]; Текст: Undefined variable: title | Файл: /var/www/pf_nsk.ru/app/views/main/main.php | Строка: 5 
=======================
[2019-10-01 12:11:25]; Текст: Страница не найдена | Файл: /var/www/pf_nsk.ru/app/core/Router.php | Строка: 92 
=======================
[2019-10-01 12:11:47]; Текст: Страница не найдена | Файл: /var/www/pf_nsk.ru/app/core/Router.php | Строка: 92 
=======================
[2019-10-01 12:11:54]; Текст: Страница не найдена | Файл: /var/www/pf_nsk.ru/app/core/Router.php | Строка: 92 
=======================
[2019-10-01 12:12:24]; Текст: Страница не найдена | Файл: /var/www/pf_nsk.ru/app/core/Router.php | Строка: 93 
=======================
[2019-10-01 12:13:12]; Текст: Страница не найдена | Файл: /var/www/pf_nsk.ru/app/core/Router.php | Строка: 93 
=======================
[2019-10-01 12:13:35]; Текст: Страница не найдена | Файл: /var/www/pf_nsk.ru/app/core/Router.php | Строка: 93 
=======================
[2019-10-01 12:14:55]; Текст: Страница не найдена | Файл: /var/www/pf_nsk.ru/app/core/Router.php | Строка: 93 
=======================
[2019-10-01 12:15:21]; Текст: Страница не найдена | Файл: /var/www/pf_nsk.ru/app/core/Router.php | Строка: 93 
=======================
[2019-10-01 12:15:53]; Текст: Страница не найдена | Файл: /var/www/pf_nsk.ru/app/core/Router.php | Строка: 93 
=======================
[2019-10-01 12:15:56]; Текст: Страница не найдена | Файл: /var/www/pf_nsk.ru/app/core/Router.php | Строка: 93 
=======================
[2019-10-01 12:16:15]; Текст: Страница не найдена | Файл: /var/www/pf_nsk.ru/app/core/Router.php | Строка: 93 
=======================
[2019-10-01 12:16:23]; Текст: Страница не найдена | Файл: /var/www/pf_nsk.ru/app/core/Router.php | Строка: 93 
=======================
[2019-10-01 12:17:23]; Текст: Страница не найдена | Файл: /var/www/pf_nsk.ru/app/core/Router.php | Строка: 93 
=======================
[2019-10-01 12:21:34]; Текст: Undefined index: description | Файл: /var/www/pf_nsk.ru/app/views/layouts/main.php | Строка: 7 
=======================
[2019-10-01 12:30:08]; Текст: файл ВИДА <b>/var/www/pf_nsk.ru/app/views/admin\User/index.php</b> - not found  | Файл: /var/www/pf_nsk.ru/app/core/base/View.php | Строка: 58 
=======================
[2019-10-01 12:32:02]; Текст: файл ВИДА <b>/var/www/pf_nsk.ru/app/views/admin\User/index.php</b> - not found  | Файл: /var/www/pf_nsk.ru/app/core/base/View.php | Строка: 58 
=======================
[2019-10-01 12:32:47]; Текст: файл ВИДА <b>/var/www/pf_nsk.ru/app/views/admin\User/index.php</b> - not found  | Файл: /var/www/pf_nsk.ru/app/core/base/View.php | Строка: 58 
=======================
[2019-10-01 12:32:48]; Текст: Страница не найдена | Файл: /var/www/pf_nsk.ru/app/core/Router.php | Строка: 92 
=======================
[2019-10-01 12:34:22]; Текст: файл ВИДА <b>/var/www/pf_nsk.ru/app/views/admin\User/index.php</b> - not found  | Файл: /var/www/pf_nsk.ru/app/core/base/View.php | Строка: 58 
=======================
[2019-10-01 12:41:28]; Текст: файл ВИДА <b>/var/www/pf_nsk.ru/app/views/admin\user/index.php</b> - not found  | Файл: /var/www/pf_nsk.ru/app/core/base/View.php | Строка: 58 
=======================
[2019-10-01 12:49:37]; Текст: файл ВИДА <b>/var/www/pf_nsk.ru/app/views/admin\user/index.php</b> - not found  | Файл: /var/www/pf_nsk.ru/app/core/base/View.php | Строка: 58 
=======================
[2019-10-01 12:51:26]; Текст: файл ВИДА <b>/var/www/pf_nsk.ru/app/views/admin\user/index.php</b> - not found  | Файл: /var/www/pf_nsk.ru/app/core/base/View.php | Строка: 58 
=======================
[2019-10-01 12:51:29]; Текст: файл ВИДА <b>/var/www/pf_nsk.ru/app/views/admin\user/index.php</b> - not found  | Файл: /var/www/pf_nsk.ru/app/core/base/View.php | Строка: 58 
=======================
[2019-10-01 12:52:33]; Текст: файл ВИДА <b>/var/www/pf_nsk.ru/app/views/admin\user/index.php</b> - not found  | Файл: /var/www/pf_nsk.ru/app/core/base/View.php | Строка: 58 
=======================
[2019-10-01 12:54:24]; Текст: Страница не найдена | Файл: /var/www/pf_nsk.ru/app/core/Router.php | Строка: 92 
=======================
[2019-10-01 12:57:32]; Текст: Контроллер app\controllers\admin\/UserController не найден | Файл: /var/www/pf_nsk.ru/app/core/Router.php | Строка: 88 
=======================
[2019-10-01 12:58:36]; Текст: Страница не найдена | Файл: /var/www/pf_nsk.ru/app/core/Router.php | Строка: 92 
=======================
[2019-10-01 13:07:11]; Текст: Страница не найдена | Файл: /var/www/pf_nsk.ru/app/core/Router.php | Строка: 92 
=======================
[2019-10-01 13:07:19]; Текст: Страница не найдена | Файл: /var/www/pf_nsk.ru/app/core/Router.php | Строка: 92 
=======================
[2019-10-01 13:12:14]; Текст: Страница не найдена | Файл: /var/www/pf_nsk.ru/app/core/Router.php | Строка: 92 
=======================
[2019-10-01 13:12:41]; Текст: Страница не найдена | Файл: /var/www/pf_nsk.ru/app/core/Router.php | Строка: 92 
=======================
[2019-10-01 13:20:51]; Текст: Undefined variable: meta | Файл: /var/www/pf_nsk.ru/app/views/layouts/admin.php | Строка: 7 
=======================
[2019-10-01 13:22:14]; Текст: Undefined variable: meta | Файл: /var/www/pf_nsk.ru/app/views/layouts/admin.php | Строка: 7 
=======================
[2019-10-01 13:25:09]; Текст: Undefined variable: meta | Файл: /var/www/pf_nsk.ru/app/views/layouts/admin.php | Строка: 7 
=======================
[2019-10-01 13:28:33]; Текст: Undefined index: description | Файл: /var/www/pf_nsk.ru/app/views/layouts/main.php | Строка: 7 
=======================
[2019-10-01 15:46:13]; Текст: Access to undeclared static property: app\core\base\Controller::$meta | Файл: /var/www/pf_nsk.ru/app/core/base/Controller.php | Строка: 57 
=======================
[2019-10-01 15:46:48]; Текст: Access to undeclared static property: app\core\base\Controller::$meta | Файл: /var/www/pf_nsk.ru/app/core/base/Controller.php | Строка: 57 
=======================
[2019-10-01 15:46:50]; Текст: Access to undeclared static property: app\core\base\Controller::$meta | Файл: /var/www/pf_nsk.ru/app/core/base/Controller.php | Строка: 57 
=======================
[2019-10-01 16:04:47]; Текст: Undefined index: description | Файл: /var/www/pf_nsk.ru/app/views/layouts/main.php | Строка: 7 
=======================
[2019-10-01 16:22:18]; Текст: Страница не найдена | Файл: /var/www/pf_nsk.ru/app/core/Router.php | Строка: 92 
=======================
[2019-10-01 16:23:07]; Текст: Undefined index: description | Файл: /var/www/pf_nsk.ru/app/views/layouts/main.php | Строка: 7 
=======================
[2019-10-01 16:33:04]; Текст: Undefined variable: title | Файл: /var/www/pf_nsk.ru/app/views/main/main.php | Строка: 5 
=======================
[2019-10-01 18:34:27]; Текст: Страница не найдена | Файл: /var/www/pf_nsk.ru/app/core/Router.php | Строка: 92 
=======================
[2019-10-01 18:59:46]; Текст: Страница не найдена | Файл: /var/www/pf_nsk.ru/app/core/Router.php | Строка: 92 
=======================
[2019-10-01 19:16:02]; Текст: Страница не найдена | Файл: /var/www/pf_nsk.ru/app/core/Router.php | Строка: 92 
=======================
[2019-10-02 10:35:21]; Текст: Страница не найдена | Файл: /var/www/pf_nsk.ru/app/core/Router.php | Строка: 92 
=======================
[2019-10-02 10:35:27]; Текст: Страница не найдена | Файл: /var/www/pf_nsk.ru/app/core/Router.php | Строка: 92 
=======================
[2019-10-02 11:12:10]; Текст: Страница не найдена | Файл: /var/www/pf_nsk.ru/app/core/Router.php | Строка: 92 
=======================
[2019-10-02 11:12:11]; Текст: Страница не найдена | Файл: /var/www/pf_nsk.ru/app/core/Router.php | Строка: 92 
=======================
[2019-10-02 12:44:55]; Текст: Страница не найдена | Файл: /var/www/pf_nsk.ru/app/core/Router.php | Строка: 92 
=======================
[2019-10-02 12:45:35]; Текст: Страница не найдена | Файл: /var/www/pf_nsk.ru/app/core/Router.php | Строка: 92 
=======================
[2019-10-02 12:48:52]; Текст: Страница не найдена | Файл: /var/www/pf_nsk.ru/app/core/Router.php | Строка: 92 
=======================
[2019-10-02 12:51:12]; Текст: Страница не найдена | Файл: /var/www/pf_nsk.ru/app/core/Router.php | Строка: 92 
=======================
[2019-10-02 12:53:48]; Текст: Страница не найдена | Файл: /var/www/pf_nsk.ru/app/core/Router.php | Строка: 92 
=======================
[2019-10-02 12:59:38]; Текст: Контроллер app\controllers\UserController не найден | Файл: /var/www/pf_nsk.ru/app/core/Router.php | Строка: 88 
=======================
[2019-10-02 13:05:24]; Текст: Страница не найдена | Файл: /var/www/pf_nsk.ru/app/core/Router.php | Строка: 92 
=======================
[2019-10-02 13:05:43]; Текст: Страница не найдена | Файл: /var/www/pf_nsk.ru/app/core/Router.php | Строка: 92 
=======================
[2019-10-02 13:07:34]; Текст: Страница не найдена | Файл: /var/www/pf_nsk.ru/app/core/Router.php | Строка: 92 
=======================
[2019-10-03 12:23:15]; Текст: Контроллер app\controllers\UserController не найден | Файл: /var/www/pf_nsk.ru/app/core/Router.php | Строка: 88 
=======================
[2019-10-03 12:26:34]; Текст: Контроллер app\controllers\UserController не найден | Файл: /var/www/pf_nsk.ru/app/core/Router.php | Строка: 88 
=======================
[2019-10-03 12:27:42]; Текст: Undefined variable: meta | Файл: /var/www/pf_nsk.ru/app/views/layouts/default.php | Строка: 7 
=======================
[2019-10-03 12:28:59]; Текст: Undefined variable: meta | Файл: /var/www/pf_nsk.ru/app/views/layouts/default.php | Строка: 7 
=======================
[2019-10-03 12:34:13]; Текст: Контроллер app\controllers\admin\LoginController не найден | Файл: /var/www/pf_nsk.ru/app/core/Router.php | Строка: 88 
=======================
[2019-10-03 12:51:34]; Текст: Метод singupAction у контроллера app\controllers\UserController - не найден | Файл: /var/www/pf_nsk.ru/app/core/Router.php | Строка: 84 
=======================
[2019-10-03 13:08:29]; Текст: Undefined index:  | Файл: /var/www/pf_nsk.ru/app/core/base/Model.php | Строка: 23 
=======================
[2019-10-03 13:09:17]; Текст: Undefined index:  | Файл: /var/www/pf_nsk.ru/app/core/base/Model.php | Строка: 23 
=======================
[2019-10-03 13:52:22]; Текст: Array to string conversion | Файл: /var/www/pf_nsk.ru/app/core/base/Model.php | Строка: 53 
=======================
[2019-10-03 14:07:06]; Текст: Call to undefined function app\controllers\redirect() | Файл: /var/www/pf_nsk.ru/app/controllers/UserController.php | Строка: 19 
=======================
[2019-10-03 14:07:43]; Текст: Call to undefined function app\controllers\redirect() | Файл: /var/www/pf_nsk.ru/app/controllers/UserController.php | Строка: 21 
=======================
[2019-10-03 14:10:21]; Текст: Call to undefined function app\controllers\redirect() | Файл: /var/www/pf_nsk.ru/app/controllers/UserController.php | Строка: 19 
=======================
[2019-10-03 14:11:10]; Текст: Call to undefined function app\controllers\redirect() | Файл: /var/www/pf_nsk.ru/app/controllers/UserController.php | Строка: 19 
=======================
[2019-10-03 14:26:23]; Текст: Argument 1 passed to RedBeanPHP\Util\DispenseHelper::dispense() must be an instance of RedBeanPHP\OODB, null given, called in /var/www/pf_nsk.ru/vendor/gabordemooij/redbean/RedBeanPHP/Facade.php on line 853 | Файл: /var/www/pf_nsk.ru/vendor/gabordemooij/redbean/RedBeanPHP/Util/DispenseHelper.php | Строка: 127 
=======================
[2019-10-03 14:31:41]; Текст: syntax error, unexpected 'if' (T_IF) | Файл: /var/www/pf_nsk.ru/app/controllers/UserController.php | Строка: 24 
=======================
[2019-10-03 19:58:54]; Текст: syntax error, unexpected '<', expecting end of file | Файл: /var/www/pf_nsk.ru/app/views/layouts/default.php | Строка: 45 
=======================
[2019-10-03 19:59:24]; Текст: Array to string conversion | Файл: /var/www/pf_nsk.ru/app/views/layouts/default.php | Строка: 43 
=======================
[2019-10-03 20:09:57]; Текст: файл ВИДА <b>/var/www/pf_nsk.ru/app/views/user/logout.php</b> - not found  | Файл: /var/www/pf_nsk.ru/app/core/base/View.php | Строка: 66 
=======================
[2019-10-03 20:10:43]; Текст: файл ВИДА <b>/var/www/pf_nsk.ru/app/views/user/.php</b> - not found  | Файл: /var/www/pf_nsk.ru/app/core/base/View.php | Строка: 66 
=======================
[2019-10-03 20:11:58]; Текст: Undefined index: user | Файл: /var/www/pf_nsk.ru/app/models/User.php | Строка: 77 
=======================
[2019-10-03 20:12:43]; Текст: Undefined index: user | Файл: /var/www/pf_nsk.ru/app/models/User.php | Строка: 77 
=======================
[2019-10-03 20:13:31]; Текст: Undefined index: user | Файл: /var/www/pf_nsk.ru/app/models/User.php | Строка: 77 
=======================
[2019-10-03 20:14:05]; Текст: Контроллер app\controllers\AboutController не найден | Файл: /var/www/pf_nsk.ru/app/core/Router.php | Строка: 88 
=======================
[2019-10-03 20:14:09]; Текст: Undefined index: user | Файл: /var/www/pf_nsk.ru/app/models/User.php | Строка: 77 
=======================
[2019-10-03 20:14:18]; Текст: Контроллер app\controllers\LoginController не найден | Файл: /var/www/pf_nsk.ru/app/core/Router.php | Строка: 88 
=======================
[2019-10-03 20:14:34]; Текст: Undefined index: user | Файл: /var/www/pf_nsk.ru/app/models/User.php | Строка: 77 
=======================
[2019-10-03 20:19:10]; Текст: файл ВИДА <b>/var/www/pf_nsk.ru/app/views/user/logout.php</b> - not found  | Файл: /var/www/pf_nsk.ru/app/core/base/View.php | Строка: 66 
=======================
[2019-10-04 11:42:29]; Текст: Контроллер app\controllers\AboutController не найден | Файл: /var/www/pf_nsk.ru/app/core/Router.php | Строка: 88 
=======================
[2019-10-04 12:01:18]; Текст: Контроллер app\controllers\AboutController не найден | Файл: /var/www/pf_nsk.ru/app/core/Router.php | Строка: 88 
=======================
[2019-10-04 14:28:02]; Текст: SQLSTATE[42000]: Syntax error or access violation: 1064 You have an error in your SQL syntax; check the manual that corresponds to your MySQL server version for the right syntax to use near '2' at line 1 (SQL: select * from `works` offset 2) | Файл: /var/www/pf_nsk.ru/vendor/illuminate/database/Connection.php | Строка: 664 
=======================
[2019-10-04 14:50:39]; Текст: Undefined variable: count | Файл: /var/www/pf_nsk.ru/app/views/main/main.php | Строка: 6 
=======================
[2019-10-04 16:34:12]; Текст: Страница не найдена | Файл: /var/www/pf_nsk.ru/app/core/Router.php | Строка: 92 
=======================
[2019-10-04 16:34:12]; Текст: Страница не найдена | Файл: /var/www/pf_nsk.ru/app/core/Router.php | Строка: 92 
=======================
[2019-10-04 16:34:12]; Текст: Страница не найдена | Файл: /var/www/pf_nsk.ru/app/core/Router.php | Строка: 92 
=======================
[2019-10-04 16:34:12]; Текст: Страница не найдена | Файл: /var/www/pf_nsk.ru/app/core/Router.php | Строка: 92 
=======================
[2019-10-04 16:34:12]; Текст: Страница не найдена | Файл: /var/www/pf_nsk.ru/app/core/Router.php | Строка: 92 
=======================
[2019-10-04 16:34:12]; Текст: Страница не найдена | Файл: /var/www/pf_nsk.ru/app/core/Router.php | Строка: 92 
=======================
[2019-10-04 16:34:12]; Текст: Страница не найдена | Файл: /var/www/pf_nsk.ru/app/core/Router.php | Строка: 92 
=======================
[2019-10-04 16:34:12]; Текст: Страница не найдена | Файл: /var/www/pf_nsk.ru/app/core/Router.php | Строка: 92 
=======================
[2019-10-04 16:34:12]; Текст: Страница не найдена | Файл: /var/www/pf_nsk.ru/app/core/Router.php | Строка: 92 
=======================
[2019-10-04 16:34:13]; Текст: Страница не найдена | Файл: /var/www/pf_nsk.ru/app/core/Router.php | Строка: 92 
=======================
[2019-10-04 16:34:13]; Текст: Страница не найдена | Файл: /var/www/pf_nsk.ru/app/core/Router.php | Строка: 92 
=======================
[2019-10-04 16:39:09]; Текст: Страница не найдена | Файл: /var/www/pf_nsk.ru/app/core/Router.php | Строка: 92 
=======================
[2019-10-04 16:39:09]; Текст: Страница не найдена | Файл: /var/www/pf_nsk.ru/app/core/Router.php | Строка: 92 
=======================
[2019-10-04 16:39:09]; Текст: Страница не найдена | Файл: /var/www/pf_nsk.ru/app/core/Router.php | Строка: 92 
=======================
[2019-10-04 16:39:09]; Текст: Страница не найдена | Файл: /var/www/pf_nsk.ru/app/core/Router.php | Строка: 92 
=======================
[2019-10-04 16:39:10]; Текст: Страница не найдена | Файл: /var/www/pf_nsk.ru/app/core/Router.php | Строка: 92 
=======================
[2019-10-04 16:39:10]; Текст: Страница не найдена | Файл: /var/www/pf_nsk.ru/app/core/Router.php | Строка: 92 
=======================
[2019-10-04 16:39:10]; Текст: Страница не найдена | Файл: /var/www/pf_nsk.ru/app/core/Router.php | Строка: 92 
=======================
[2019-10-04 16:39:10]; Текст: Страница не найдена | Файл: /var/www/pf_nsk.ru/app/core/Router.php | Строка: 92 
=======================
[2019-10-04 16:42:02]; Текст: Страница не найдена | Файл: /var/www/pf_nsk.ru/app/core/Router.php | Строка: 92 
=======================
[2019-10-04 16:42:07]; Текст: Страница не найдена | Файл: /var/www/pf_nsk.ru/app/core/Router.php | Строка: 92 
=======================
[2019-10-04 17:09:01]; Текст: подключаемый файл <b>inc/sidebar</b> - not found  | Файл: /var/www/pf_nsk.ru/app/core/base/View.php | Строка: 128 
=======================
[2019-10-04 17:11:46]; Текст: подключаемый файл <b>inc/sidebar</b> - not found  | Файл: /var/www/pf_nsk.ru/app/core/base/View.php | Строка: 128 
=======================
[2019-10-07 12:40:38]; Текст: Undefined variable: post | Файл: /var/www/pf_nsk.ru/app/views/main/index.php | Строка: 9 
=======================
[2019-10-07 12:40:53]; Текст: Undefined variable: post | Файл: /var/www/pf_nsk.ru/app/views/main/index.php | Строка: 10 
=======================
[2019-10-07 16:01:41]; Текст: Страница не найдена | Файл: /var/www/pf_nsk.ru/app/core/Router.php | Строка: 92 
=======================
[2019-10-07 16:02:55]; Текст: Контроллер app\controllers\admin\UserController не найден | Файл: /var/www/pf_nsk.ru/app/core/Router.php | Строка: 88 
=======================
[2019-10-07 16:02:58]; Текст: Контроллер app\controllers\admin\UserController не найден | Файл: /var/www/pf_nsk.ru/app/core/Router.php | Строка: 88 
=======================
[2019-10-07 16:03:51]; Текст: Метод indexAction у контроллера app\controllers\admin\WorkController - не найден | Файл: /var/www/pf_nsk.ru/app/core/Router.php | Строка: 84 
=======================
[2019-10-07 16:44:05]; Текст: Class 'app\core\language\Language' not found | Файл: /var/www/pf_nsk.ru/app/core/base/Controller.php | Строка: 52 
=======================
[2019-10-07 16:45:11]; Текст: Class 'app\core\language\Language' not found | Файл: /var/www/pf_nsk.ru/app/core/base/Controller.php | Строка: 52 
=======================
[2019-10-07 16:48:48]; Текст: Too few arguments to function Illuminate\Database\Eloquent\Collection::pluck(), 0 passed in /var/www/pf_nsk.ru/app/core/widgets/language/Language.php on line 24 and at least 1 expected | Файл: /var/www/pf_nsk.ru/vendor/illuminate/database/Eloquent/Collection.php | Строка: 427 
=======================
[2019-10-07 16:57:57]; Текст: Call to a member function orderBy() on array | Файл: /var/www/pf_nsk.ru/app/core/widgets/language/Language.php | Строка: 24 
=======================
[2019-10-07 16:59:25]; Текст: Method Illuminate\Database\Eloquent\Collection::orderBy does not exist. | Файл: /var/www/pf_nsk.ru/vendor/illuminate/support/Traits/Macroable.php | Строка: 104 
=======================
[2019-10-07 17:01:37]; Текст: Too few arguments to function Illuminate\Database\Eloquent\Collection::pluck(), 0 passed in /var/www/pf_nsk.ru/app/core/widgets/language/Language.php on line 24 and at least 1 expected | Файл: /var/www/pf_nsk.ru/vendor/illuminate/database/Eloquent/Collection.php | Строка: 427 
=======================
[2019-10-07 17:03:57]; Текст: Too few arguments to function Illuminate\Support\Collection::get(), 0 passed in /var/www/pf_nsk.ru/app/core/widgets/language/Language.php on line 24 and at least 1 expected | Файл: /var/www/pf_nsk.ru/vendor/illuminate/support/Collection.php | Строка: 874 
=======================
[2019-10-07 17:11:30]; Текст: syntax error, unexpected '}' | Файл: /var/www/pf_nsk.ru/app/core/widgets/language/Language.php | Строка: 29 
=======================
[2019-10-07 17:13:20]; Текст: Too few arguments to function Illuminate\Support\Collection::sortByDesc(), 0 passed in /var/www/pf_nsk.ru/app/core/widgets/language/Language.php on line 24 and at least 1 expected | Файл: /var/www/pf_nsk.ru/vendor/illuminate/support/Collection.php | Строка: 1735 
=======================
[2019-10-07 17:13:38]; Текст: Non-static method Illuminate\Database\Eloquent\Model::toArray() should not be called statically | Файл: /var/www/pf_nsk.ru/app/core/widgets/language/Language.php | Строка: 24 
=======================
[2019-10-07 17:24:58]; Текст: asort() expects parameter 2 to be integer, string given | Файл: /var/www/pf_nsk.ru/vendor/illuminate/support/Collection.php | Строка: 1716 
=======================
[2019-10-07 17:56:32]; Текст: Illegal offset type in unset | Файл: /var/www/pf_nsk.ru/vendor/illuminate/support/Collection.php | Строка: 2100 
=======================
[2019-10-07 18:03:10]; Текст: Call to undefined method app\models\Language::pull() | Файл: /var/www/pf_nsk.ru/vendor/illuminate/support/Traits/ForwardsCalls.php | Строка: 50 
=======================
[2019-10-07 18:32:33]; Текст: Too few arguments to function app\core\Registry::setProperty(), 1 passed in /var/www/pf_nsk.ru/app/core/base/Controller.php on line 53 and exactly 2 expected | Файл: /var/www/pf_nsk.ru/app/core/Registry.php | Строка: 11 
=======================
[2019-10-07 18:39:30]; Текст: Too few arguments to function app\core\widgets\language\Language::__construct(), 0 passed in /var/www/pf_nsk.ru/app/views/inc/sidebar.php on line 1 and exactly 1 expected | Файл: /var/www/pf_nsk.ru/app/core/widgets/language/Language.php | Строка: 14 
=======================
[2019-10-07 19:46:04]; Текст: Страница не найдена | Файл: /var/www/pf_nsk.ru/app/core/Router.php | Строка: 92 
=======================
[2019-10-07 19:46:08]; Текст: Страница не найдена | Файл: /var/www/pf_nsk.ru/app/core/Router.php | Строка: 92 
=======================
[2019-10-07 19:52:47]; Текст: Страница не найдена | Файл: /var/www/pf_nsk.ru/app/core/Router.php | Строка: 92 
=======================
[2019-10-07 19:57:01]; Текст: Страница не найдена | Файл: /var/www/pf_nsk.ru/app/core/Router.php | Строка: 92 
=======================
[2019-10-07 19:57:44]; Текст: Страница не найдена | Файл: /var/www/pf_nsk.ru/app/core/Router.php | Строка: 92 
=======================
[2019-10-07 19:57:48]; Текст: Страница не найдена | Файл: /var/www/pf_nsk.ru/app/core/Router.php | Строка: 92 
=======================
[2019-10-07 20:01:05]; Текст: Страница не найдена | Файл: /var/www/pf_nsk.ru/app/core/Router.php | Строка: 92 
=======================
[2019-10-07 20:01:09]; Текст: Страница не найдена | Файл: /var/www/pf_nsk.ru/app/core/Router.php | Строка: 92 
=======================
[2019-10-07 20:03:57]; Текст: Страница не найдена | Файл: /var/www/pf_nsk.ru/app/core/Router.php | Строка: 92 
=======================
[2019-10-07 20:04:00]; Текст: Страница не найдена | Файл: /var/www/pf_nsk.ru/app/core/Router.php | Строка: 92 
=======================
[2019-10-07 20:07:19]; Текст: Страница не найдена | Файл: /var/www/pf_nsk.ru/app/core/Router.php | Строка: 92 
=======================
[2019-10-07 20:07:25]; Текст: Страница не найдена | Файл: /var/www/pf_nsk.ru/app/core/Router.php | Строка: 92 
=======================
[2019-10-07 20:07:30]; Текст: Страница не найдена | Файл: /var/www/pf_nsk.ru/app/core/Router.php | Строка: 92 
=======================
[2019-10-07 20:07:44]; Текст: Страница не найдена | Файл: /var/www/pf_nsk.ru/app/core/Router.php | Строка: 92 
=======================
[2019-10-07 20:08:41]; Текст: Страница не найдена | Файл: /var/www/pf_nsk.ru/app/core/Router.php | Строка: 92 
=======================
[2019-10-07 20:09:43]; Текст: Страница не найдена | Файл: /var/www/pf_nsk.ru/app/core/Router.php | Строка: 92 
=======================
[2019-10-07 20:10:00]; Текст: Страница не найдена | Файл: /var/www/pf_nsk.ru/app/core/Router.php | Строка: 92 
=======================
[2019-10-07 20:10:15]; Текст: Страница не найдена | Файл: /var/www/pf_nsk.ru/app/core/Router.php | Строка: 92 
=======================
[2019-10-07 20:11:06]; Текст: Страница не найдена | Файл: /var/www/pf_nsk.ru/app/core/Router.php | Строка: 92 
=======================
[2019-10-07 20:11:09]; Текст: Страница не найдена | Файл: /var/www/pf_nsk.ru/app/core/Router.php | Строка: 92 
=======================
[2019-10-07 20:11:14]; Текст: Страница не найдена | Файл: /var/www/pf_nsk.ru/app/core/Router.php | Строка: 92 
=======================
[2019-10-07 20:11:17]; Текст: Страница не найдена | Файл: /var/www/pf_nsk.ru/app/core/Router.php | Строка: 92 
=======================
[2019-10-07 20:13:20]; Текст: Страница не найдена | Файл: /var/www/pf_nsk.ru/app/core/Router.php | Строка: 92 
=======================
[2019-10-07 20:13:40]; Текст: Страница не найдена | Файл: /var/www/pf_nsk.ru/app/core/Router.php | Строка: 92 
=======================
[2019-10-07 20:13:43]; Текст: Страница не найдена | Файл: /var/www/pf_nsk.ru/app/core/Router.php | Строка: 92 
=======================
[2019-10-07 20:13:52]; Текст: Страница не найдена | Файл: /var/www/pf_nsk.ru/app/core/Router.php | Строка: 92 
=======================
[2019-10-07 20:14:54]; Текст: Страница не найдена | Файл: /var/www/pf_nsk.ru/app/core/Router.php | Строка: 92 
=======================
[2019-10-07 20:15:04]; Текст: Страница не найдена | Файл: /var/www/pf_nsk.ru/app/core/Router.php | Строка: 92 
=======================
[2019-10-07 20:15:08]; Текст: Страница не найдена | Файл: /var/www/pf_nsk.ru/app/core/Router.php | Строка: 92 
=======================
[2019-10-07 20:59:55]; Текст: Array to string conversion | Файл: /var/www/pf_nsk.ru/app/core/base/Lang.php | Строка: 15 
=======================
[2019-10-07 21:40:10]; Текст: Страница не найдена | Файл: /var/www/pf_nsk.ru/app/core/Router.php | Строка: 92 
=======================
[2019-10-07 21:41:31]; Текст: Страница не найдена | Файл: /var/www/pf_nsk.ru/app/core/Router.php | Строка: 92 
=======================
[2019-10-07 21:45:46]; Текст: Call to a member function where() on integer | Файл: /var/www/pf_nsk.ru/app/controllers/MainController.php | Строка: 38 
=======================
[2019-10-08 12:03:17]; Текст: Контроллер app\controllers\admin\UserController не найден | Файл: /var/www/pf_nsk.ru/app/core/Router.php | Строка: 88 
=======================
[2019-10-08 12:04:46]; Текст: Call to undefined method app\controllers\admin\MainController::getView() | Файл: /var/www/pf_nsk.ru/app/core/Router.php | Строка: 81 
=======================
[2019-10-08 12:27:31]; Текст: Страница не найдена | Файл: /var/www/pf_nsk.ru/app/core/Router.php | Строка: 92 
=======================
[2019-10-08 12:27:31]; Текст: Страница не найдена | Файл: /var/www/pf_nsk.ru/app/core/Router.php | Строка: 92 
=======================
[2019-10-08 12:27:31]; Текст: Страница не найдена | Файл: /var/www/pf_nsk.ru/app/core/Router.php | Строка: 92 
=======================
[2019-10-08 12:27:31]; Текст: Страница не найдена | Файл: /var/www/pf_nsk.ru/app/core/Router.php | Строка: 92 
=======================
[2019-10-08 12:27:32]; Текст: Страница не найдена | Файл: /var/www/pf_nsk.ru/app/core/Router.php | Строка: 92 
=======================
[2019-10-08 12:27:32]; Текст: Страница не найдена | Файл: /var/www/pf_nsk.ru/app/core/Router.php | Строка: 92 
=======================
[2019-10-08 12:27:32]; Текст: Страница не найдена | Файл: /var/www/pf_nsk.ru/app/core/Router.php | Строка: 92 
=======================
[2019-10-08 12:27:32]; Текст: Страница не найдена | Файл: /var/www/pf_nsk.ru/app/core/Router.php | Строка: 92 
=======================
[2019-10-08 12:27:32]; Текст: Страница не найдена | Файл: /var/www/pf_nsk.ru/app/core/Router.php | Строка: 92 
=======================
[2019-10-08 12:27:32]; Текст: Страница не найдена | Файл: /var/www/pf_nsk.ru/app/core/Router.php | Строка: 92 
=======================
[2019-10-08 12:27:32]; Текст: Страница не найдена | Файл: /var/www/pf_nsk.ru/app/core/Router.php | Строка: 92 
=======================
[2019-10-08 12:27:32]; Текст: Страница не найдена | Файл: /var/www/pf_nsk.ru/app/core/Router.php | Строка: 92 
=======================
[2019-10-08 12:27:32]; Текст: Страница не найдена | Файл: /var/www/pf_nsk.ru/app/core/Router.php | Строка: 92 
=======================
[2019-10-08 12:27:33]; Текст: Страница не найдена | Файл: /var/www/pf_nsk.ru/app/core/Router.php | Строка: 92 
=======================
[2019-10-08 12:30:18]; Текст: Страница не найдена | Файл: /var/www/pf_nsk.ru/app/core/Router.php | Строка: 92 
=======================
[2019-10-08 12:30:31]; Текст: Страница не найдена | Файл: /var/www/pf_nsk.ru/app/core/Router.php | Строка: 92 
=======================
[2019-10-08 13:12:09]; Текст: Страница не найдена | Файл: /var/www/pf_nsk.ru/app/core/Router.php | Строка: 92 
=======================
[2019-10-08 13:14:50]; Текст: Страница не найдена | Файл: /var/www/pf_nsk.ru/app/core/Router.php | Строка: 92 
=======================
[2019-10-08 13:14:50]; Текст: Страница не найдена | Файл: /var/www/pf_nsk.ru/app/core/Router.php | Строка: 92 
=======================
[2019-10-08 13:17:53]; Текст: Страница не найдена | Файл: /var/www/pf_nsk.ru/app/core/Router.php | Строка: 92 
=======================
[2019-10-08 13:19:09]; Текст: Страница не найдена | Файл: /var/www/pf_nsk.ru/app/core/Router.php | Строка: 92 
=======================
[2019-10-08 13:19:09]; Текст: Страница не найдена | Файл: /var/www/pf_nsk.ru/app/core/Router.php | Строка: 92 
=======================
[2019-10-08 13:19:09]; Текст: Страница не найдена | Файл: /var/www/pf_nsk.ru/app/core/Router.php | Строка: 92 
=======================
[2019-10-08 13:19:09]; Текст: Страница не найдена | Файл: /var/www/pf_nsk.ru/app/core/Router.php | Строка: 92 
=======================
[2019-10-08 13:19:10]; Текст: Страница не найдена | Файл: /var/www/pf_nsk.ru/app/core/Router.php | Строка: 92 
=======================
[2019-10-08 13:19:10]; Текст: Страница не найдена | Файл: /var/www/pf_nsk.ru/app/core/Router.php | Строка: 92 
=======================
[2019-10-08 13:19:10]; Текст: Страница не найдена | Файл: /var/www/pf_nsk.ru/app/core/Router.php | Строка: 92 
=======================
[2019-10-08 13:19:10]; Текст: Страница не найдена | Файл: /var/www/pf_nsk.ru/app/core/Router.php | Строка: 92 
=======================
[2019-10-08 13:19:10]; Текст: Страница не найдена | Файл: /var/www/pf_nsk.ru/app/core/Router.php | Строка: 92 
=======================
[2019-10-08 13:19:10]; Текст: Страница не найдена | Файл: /var/www/pf_nsk.ru/app/core/Router.php | Строка: 92 
=======================
[2019-10-08 13:19:10]; Текст: Страница не найдена | Файл: /var/www/pf_nsk.ru/app/core/Router.php | Строка: 92 
=======================
[2019-10-08 13:19:10]; Текст: Страница не найдена | Файл: /var/www/pf_nsk.ru/app/core/Router.php | Строка: 92 
=======================
[2019-10-08 13:19:10]; Текст: Страница не найдена | Файл: /var/www/pf_nsk.ru/app/core/Router.php | Строка: 92 
=======================
[2019-10-08 13:19:10]; Текст: Страница не найдена | Файл: /var/www/pf_nsk.ru/app/core/Router.php | Строка: 92 
=======================
[2019-10-08 13:19:27]; Текст: Страница не найдена | Файл: /var/www/pf_nsk.ru/app/core/Router.php | Строка: 92 
=======================
[2019-10-08 13:38:15]; Текст: Страница не найдена | Файл: /var/www/pf_nsk.ru/app/core/Router.php | Строка: 92 
=======================
[2019-10-08 13:38:15]; Текст: Страница не найдена | Файл: /var/www/pf_nsk.ru/app/core/Router.php | Строка: 92 
=======================
[2019-10-08 13:38:15]; Текст: Страница не найдена | Файл: /var/www/pf_nsk.ru/app/core/Router.php | Строка: 92 
=======================
[2019-10-08 13:38:15]; Текст: Страница не найдена | Файл: /var/www/pf_nsk.ru/app/core/Router.php | Строка: 92 
=======================
[2019-10-08 13:38:15]; Текст: Страница не найдена | Файл: /var/www/pf_nsk.ru/app/core/Router.php | Строка: 92 
=======================
[2019-10-08 13:38:15]; Текст: Страница не найдена | Файл: /var/www/pf_nsk.ru/app/core/Router.php | Строка: 92 
=======================
[2019-10-08 13:38:15]; Текст: Страница не найдена | Файл: /var/www/pf_nsk.ru/app/core/Router.php | Строка: 92 
=======================
[2019-10-08 13:38:16]; Текст: Страница не найдена | Файл: /var/www/pf_nsk.ru/app/core/Router.php | Строка: 92 
=======================
[2019-10-08 13:38:16]; Текст: Страница не найдена | Файл: /var/www/pf_nsk.ru/app/core/Router.php | Строка: 92 
=======================
[2019-10-08 13:38:16]; Текст: Страница не найдена | Файл: /var/www/pf_nsk.ru/app/core/Router.php | Строка: 92 
=======================
[2019-10-08 13:38:16]; Текст: Страница не найдена | Файл: /var/www/pf_nsk.ru/app/core/Router.php | Строка: 92 
=======================
[2019-10-08 13:38:16]; Текст: Страница не найдена | Файл: /var/www/pf_nsk.ru/app/core/Router.php | Строка: 92 
=======================
[2019-10-08 13:38:16]; Текст: Страница не найдена | Файл: /var/www/pf_nsk.ru/app/core/Router.php | Строка: 92 
=======================
[2019-10-08 13:38:16]; Текст: Страница не найдена | Файл: /var/www/pf_nsk.ru/app/core/Router.php | Строка: 92 
=======================
[2019-10-08 13:38:16]; Текст: Страница не найдена | Файл: /var/www/pf_nsk.ru/app/core/Router.php | Строка: 92 
=======================
[2019-10-08 13:38:16]; Текст: Страница не найдена | Файл: /var/www/pf_nsk.ru/app/core/Router.php | Строка: 92 
=======================
[2019-10-08 13:38:16]; Текст: Страница не найдена | Файл: /var/www/pf_nsk.ru/app/core/Router.php | Строка: 92 
=======================
[2019-10-08 13:54:04]; Текст: Контроллер app\controllers\admin\UserController не найден | Файл: /var/www/pf_nsk.ru/app/core/Router.php | Строка: 88 
=======================
[2019-10-08 13:55:32]; Текст: Контроллер app\controllers\LogoutController не найден | Файл: /var/www/pf_nsk.ru/app/core/Router.php | Строка: 88 
=======================
[2019-10-08 14:03:54]; Текст: Контроллер app\controllers\admin\LogoutController не найден | Файл: /var/www/pf_nsk.ru/app/core/Router.php | Строка: 88 
=======================
[2019-10-08 14:04:52]; Текст: Страница не найдена | Файл: /var/www/pf_nsk.ru/app/core/Router.php | Строка: 92 
=======================
[2019-10-08 14:05:12]; Текст: Контроллер app\controllers\LoginController не найден | Файл: /var/www/pf_nsk.ru/app/core/Router.php | Строка: 88 
=======================
[2019-10-08 14:12:50]; Текст: Контроллер app\controllers\admin\LoginController не найден | Файл: /var/www/pf_nsk.ru/app/core/Router.php | Строка: 88 
=======================
[2019-10-08 14:13:41]; Текст: Контроллер app\controllers\admin\LoginController не найден | Файл: /var/www/pf_nsk.ru/app/core/Router.php | Строка: 88 
=======================
[2019-10-08 14:13:45]; Текст: файл ВИДА <b>/var/www/pf_nsk.ru/app/views/admin/user/login.php</b> - not found  | Файл: /var/www/pf_nsk.ru/app/core/base/View.php | Строка: 89 
=======================
[2019-10-08 14:14:25]; Текст: файл ВИДА <b>/var/www/pf_nsk.ru/app/views/admin/user/login.php</b> - not found  | Файл: /var/www/pf_nsk.ru/app/core/base/View.php | Строка: 89 
=======================
[2019-10-08 14:17:14]; Текст: Страница не найдена | Файл: /var/www/pf_nsk.ru/app/core/Router.php | Строка: 92 
=======================
[2019-10-08 14:17:14]; Текст: Страница не найдена | Файл: /var/www/pf_nsk.ru/app/core/Router.php | Строка: 92 
=======================
[2019-10-08 14:17:14]; Текст: Страница не найдена | Файл: /var/www/pf_nsk.ru/app/core/Router.php | Строка: 92 
=======================
[2019-10-08 14:17:14]; Текст: Страница не найдена | Файл: /var/www/pf_nsk.ru/app/core/Router.php | Строка: 92 
=======================
[2019-10-08 14:17:14]; Текст: Страница не найдена | Файл: /var/www/pf_nsk.ru/app/core/Router.php | Строка: 92 
=======================
[2019-10-08 14:17:14]; Текст: Страница не найдена | Файл: /var/www/pf_nsk.ru/app/core/Router.php | Строка: 92 
=======================
[2019-10-08 14:17:14]; Текст: Страница не найдена | Файл: /var/www/pf_nsk.ru/app/core/Router.php | Строка: 92 
=======================
[2019-10-08 14:17:14]; Текст: Страница не найдена | Файл: /var/www/pf_nsk.ru/app/core/Router.php | Строка: 92 
=======================
[2019-10-08 14:17:14]; Текст: Страница не найдена | Файл: /var/www/pf_nsk.ru/app/core/Router.php | Строка: 92 
=======================
[2019-10-08 14:17:14]; Текст: Страница не найдена | Файл: /var/www/pf_nsk.ru/app/core/Router.php | Строка: 92 
=======================
[2019-10-08 14:17:14]; Текст: Страница не найдена | Файл: /var/www/pf_nsk.ru/app/core/Router.php | Строка: 92 
=======================
[2019-10-08 14:18:48]; Текст: Страница не найдена | Файл: /var/www/pf_nsk.ru/app/core/Router.php | Строка: 92 
=======================
[2019-10-08 14:18:48]; Текст: Страница не найдена | Файл: /var/www/pf_nsk.ru/app/core/Router.php | Строка: 92 
=======================
[2019-10-08 14:18:48]; Текст: Страница не найдена | Файл: /var/www/pf_nsk.ru/app/core/Router.php | Строка: 92 
=======================
[2019-10-08 14:18:48]; Текст: Страница не найдена | Файл: /var/www/pf_nsk.ru/app/core/Router.php | Строка: 92 
=======================
[2019-10-08 14:18:48]; Текст: Страница не найдена | Файл: /var/www/pf_nsk.ru/app/core/Router.php | Строка: 92 
=======================
[2019-10-08 14:18:48]; Текст: Страница не найдена | Файл: /var/www/pf_nsk.ru/app/core/Router.php | Строка: 92 
=======================
[2019-10-08 14:18:48]; Текст: Страница не найдена | Файл: /var/www/pf_nsk.ru/app/core/Router.php | Строка: 92 
=======================
[2019-10-08 14:18:48]; Текст: Страница не найдена | Файл: /var/www/pf_nsk.ru/app/core/Router.php | Строка: 92 
=======================
[2019-10-08 14:18:49]; Текст: Страница не найдена | Файл: /var/www/pf_nsk.ru/app/core/Router.php | Строка: 92 
=======================
[2019-10-08 14:18:49]; Текст: Страница не найдена | Файл: /var/www/pf_nsk.ru/app/core/Router.php | Строка: 92 
=======================
[2019-10-08 14:18:49]; Текст: Страница не найдена | Файл: /var/www/pf_nsk.ru/app/core/Router.php | Строка: 92 
=======================
[2019-10-08 14:18:50]; Текст: Страница не найдена | Файл: /var/www/pf_nsk.ru/app/core/Router.php | Строка: 92 
=======================
[2019-10-08 14:18:50]; Текст: Страница не найдена | Файл: /var/www/pf_nsk.ru/app/core/Router.php | Строка: 92 
=======================
[2019-10-08 14:18:50]; Текст: Страница не найдена | Файл: /var/www/pf_nsk.ru/app/core/Router.php | Строка: 92 
=======================
[2019-10-08 14:18:50]; Текст: Страница не найдена | Файл: /var/www/pf_nsk.ru/app/core/Router.php | Строка: 92 
=======================
[2019-10-08 14:18:50]; Текст: Страница не найдена | Файл: /var/www/pf_nsk.ru/app/core/Router.php | Строка: 92 
=======================
[2019-10-08 14:18:50]; Текст: Страница не найдена | Файл: /var/www/pf_nsk.ru/app/core/Router.php | Строка: 92 
=======================
[2019-10-08 14:18:50]; Текст: Страница не найдена | Файл: /var/www/pf_nsk.ru/app/core/Router.php | Строка: 92 
=======================
[2019-10-08 14:18:50]; Текст: Страница не найдена | Файл: /var/www/pf_nsk.ru/app/core/Router.php | Строка: 92 
=======================
[2019-10-08 14:18:51]; Текст: Страница не найдена | Файл: /var/www/pf_nsk.ru/app/core/Router.php | Строка: 92 
=======================
[2019-10-08 14:18:51]; Текст: Страница не найдена | Файл: /var/www/pf_nsk.ru/app/core/Router.php | Строка: 92 
=======================
[2019-10-08 14:18:51]; Текст: Страница не найдена | Файл: /var/www/pf_nsk.ru/app/core/Router.php | Строка: 92 
=======================
[2019-10-08 16:42:54]; Текст: Страница не найдена | Файл: /var/www/pf_nsk.ru/app/core/Router.php | Строка: 92 
=======================
[2019-10-08 18:21:14]; Текст: Метод indexAction у контроллера app\controllers\admin\UserController - не найден | Файл: /var/www/pf_nsk.ru/app/core/Router.php | Строка: 84 
=======================
[2019-10-08 18:31:24]; Текст: Undefined variable: works | Файл: /var/www/pf_nsk.ru/app/views/admin/user/index.php | Строка: 7 
=======================
[2019-10-08 18:42:46]; Текст: Undefined variable: works | Файл: /var/www/pf_nsk.ru/app/views/admin/user/index.php | Строка: 7 
=======================
